0 info it worked if it ends with ok
1 verbose cli [ 'C:\\Program Files\\nodejs\\\\node.exe',
1 verbose cli   'C:\\Program Files\\nodejs\\node_modules\\npm\\bin\\npm-cli.js',
1 verbose cli   'install',
1 verbose cli   '--save',
1 verbose cli   'bable-node' ]
2 info using npm@1.4.28
3 info using node@v0.10.33
4 verbose node symlink C:\Program Files\nodejs\\node.exe
5 warn package.json dropbox@1.0.0 No description
6 warn package.json dropbox@1.0.0 No README data
7 verbose readDependencies using package.json deps
8 verbose cache add [ 'bable-node', null ]
9 verbose cache add name=undefined spec="bable-node" args=["bable-node",null]
10 verbose parsed url { protocol: null,
10 verbose parsed url   slashes: null,
10 verbose parsed url   auth: null,
10 verbose parsed url   host: null,
10 verbose parsed url   port: null,
10 verbose parsed url   hostname: null,
10 verbose parsed url   hash: null,
10 verbose parsed url   search: null,
10 verbose parsed url   query: null,
10 verbose parsed url   pathname: 'bable-node',
10 verbose parsed url   path: 'bable-node',
10 verbose parsed url   href: 'bable-node' }
11 silly lockFile 360fbd4a-bable-node bable-node
12 verbose lock bable-node C:\Users\rtteal\AppData\Roaming\npm-cache\360fbd4a-bable-node.lock
13 silly lockFile 360fbd4a-bable-node bable-node
14 silly lockFile 360fbd4a-bable-node bable-node
15 verbose addNamed [ 'bable-node', '' ]
16 verbose addNamed [ null, '*' ]
17 silly lockFile 0044b284-bable-node bable-node@
18 verbose lock bable-node@ C:\Users\rtteal\AppData\Roaming\npm-cache\0044b284-bable-node.lock
19 silly addNameRange { name: 'bable-node', range: '*', hasData: false }
20 verbose request where is /bable-node
21 verbose request registry https://registry.npmjs.org/
22 verbose request id 9b1bde41bb85377a
23 verbose url raw /bable-node
24 verbose url resolving [ 'https://registry.npmjs.org/', './bable-node' ]
25 verbose url resolved https://registry.npmjs.org/bable-node
26 verbose request where is https://registry.npmjs.org/bable-node
27 info trying registry request attempt 1 at 21:49:47
28 http GET https://registry.npmjs.org/bable-node
29 http 404 https://registry.npmjs.org/bable-node
30 verbose headers { date: 'Sun, 26 Apr 2015 04:49:30 GMT',
30 verbose headers   server: 'CouchDB/1.5.0 (Erlang OTP/R16B03)',
30 verbose headers   'content-type': 'application/json',
30 verbose headers   'cache-control': 'max-age=0',
30 verbose headers   'content-length': '51',
30 verbose headers   'accept-ranges': 'bytes',
30 verbose headers   via: '1.1 varnish',
30 verbose headers   age: '0',
30 verbose headers   'x-served-by': 'cache-sjc3134-SJC',
30 verbose headers   'x-cache': 'MISS',
30 verbose headers   'x-cache-hits': '0',
30 verbose headers   'x-timer': 'S1430023770.628095,VS0,VE91',
30 verbose headers   'keep-alive': 'timeout=10, max=50',
30 verbose headers   connection: 'Keep-Alive' }
31 silly registry.get cb [ 404,
31 silly registry.get   { date: 'Sun, 26 Apr 2015 04:49:30 GMT',
31 silly registry.get     server: 'CouchDB/1.5.0 (Erlang OTP/R16B03)',
31 silly registry.get     'content-type': 'application/json',
31 silly registry.get     'cache-control': 'max-age=0',
31 silly registry.get     'content-length': '51',
31 silly registry.get     'accept-ranges': 'bytes',
31 silly registry.get     via: '1.1 varnish',
31 silly registry.get     age: '0',
31 silly registry.get     'x-served-by': 'cache-sjc3134-SJC',
31 silly registry.get     'x-cache': 'MISS',
31 silly registry.get     'x-cache-hits': '0',
31 silly registry.get     'x-timer': 'S1430023770.628095,VS0,VE91',
31 silly registry.get     'keep-alive': 'timeout=10, max=50',
31 silly registry.get     connection: 'Keep-Alive' } ]
32 silly lockFile 0044b284-bable-node bable-node@
33 silly lockFile 0044b284-bable-node bable-node@
34 error 404 404 Not Found: bable-node
34 error 404
34 error 404 'bable-node' is not in the npm registry.
34 error 404 You should bug the author to publish it
34 error 404 It was specified as a dependency of 'dropbox'
34 error 404
34 error 404 Note that you can also install from a
34 error 404 tarball, folder, or http url, or git url.
35 error System Windows_NT 6.1.7601
36 error command "C:\\Program Files\\nodejs\\\\node.exe" "C:\\Program Files\\nodejs\\node_modules\\npm\\bin\\npm-cli.js" "install" "--save" "bable-node"
37 error cwd C:\Users\rtteal\Documents\GitHub\node-dropbox\dropbox
38 error node -v v0.10.33
39 error npm -v 1.4.28
40 error code E404
41 verbose exit [ 1, true ]
